0 info it worked if it ends with ok
1 verbose cli [ '/usr/local/bin/node', '/usr/local/bin/npm', 'start' ]
2 info using npm@3.10.10
3 info using node@v4.8.1
4 verbose run-script [ 'prestart', 'start', 'poststart' ]
5 info lifecycle invoice@0.1.0~prestart: invoice@0.1.0
6 silly lifecycle invoice@0.1.0~prestart: no script for prestart, continuing
7 info lifecycle invoice@0.1.0~start: invoice@0.1.0
8 verbose lifecycle invoice@0.1.0~start: unsafe-perm in lifecycle true
9 verbose lifecycle invoice@0.1.0~start: PATH: /usr/local/lib/node_modules/npm/bin/node-gyp-bin:/Users/vgnanasekaran/Invoice/invoice/node_modules/.bin:/usr/local/bin:/usr/bin:/bin:/usr/sbin:/sbin:/Applications/Wireshark.app/Contents/MacOS:/Users/vgnanasekaran/.rvm/bin
10 verbose lifecycle invoice@0.1.0~start: CWD: /Users/vgnanasekaran/Invoice/invoice
11 silly lifecycle invoice@0.1.0~start: Args: [ '-c', 'react-scripts start' ]
12 silly lifecycle invoice@0.1.0~start: Returned: code: 1  signal: null
13 info lifecycle invoice@0.1.0~start: Failed to exec start script
14 verbose stack Error: invoice@0.1.0 start: `react-scripts start`
14 verbose stack Exit status 1
14 verbose stack     at EventEmitter.<anonymous> (/usr/local/lib/node_modules/npm/lib/utils/lifecycle.js:255:16)
14 verbose stack     at emitTwo (events.js:87:13)
14 verbose stack     at EventEmitter.emit (events.js:172:7)
14 verbose stack     at ChildProcess.<anonymous> (/usr/local/lib/node_modules/npm/lib/utils/spawn.js:40:14)
14 verbose stack     at emitTwo (events.js:87:13)
14 verbose stack     at ChildProcess.emit (events.js:172:7)
14 verbose stack     at maybeClose (internal/child_process.js:862:16)
14 verbose stack     at Process.ChildProcess._handle.onexit (internal/child_process.js:222:5)
15 verbose pkgid invoice@0.1.0
16 verbose cwd /Users/vgnanasekaran/Invoice/invoice/src
17 error Darwin 16.7.0
18 error argv "/usr/local/bin/node" "/usr/local/bin/npm" "start"
19 error node v4.8.1
20 error npm  v3.10.10
21 error code ELIFECYCLE
22 error invoice@0.1.0 start: `react-scripts start`
22 error Exit status 1
23 error Failed at the invoice@0.1.0 start script 'react-scripts start'.
23 error Make sure you have the latest version of node.js and npm installed.
23 error If you do, this is most likely a problem with the invoice package,
23 error not with npm itself.
23 error Tell the author that this fails on your system:
23 error     react-scripts start
23 error You can get information on how to open an issue for this project with:
23 error     npm bugs invoice
23 error Or if that isn't available, you can get their info via:
23 error     npm owner ls invoice
23 error There is likely additional logging output above.
24 verbose exit [ 1, true ]
